-------------------------------------------------------------------------------
Test set: com.maidou.pdf.OCRProcessorTest
-------------------------------------------------------------------------------
Tests run: 1, Failures: 0, Errors: 1, Skipped: 0, Time elapsed: 0.387 sec <<< FAILURE!
testExtractTextFromFile(com.maidou.pdf.OCRProcessorTest)  Time elapsed: 0.349 sec  <<< ERROR!
java.lang.UnsatisfiedLinkError: Unable to load library 'tesseract':
libtesseract.so: cannot open shared object file: No such file or directory
libtesseract.so: cannot open shared object file: No such file or directory
Native library (linux-x86-64/libtesseract.so) not found in resource path (/home/ubuntu/repos/maidou/pdf-processor/target/test-classes:/home/ubuntu/repos/maidou/pdf-processor/target/classes:/home/ubuntu/.m2/repository/org/apache/pdfbox/pdfbox/2.0.29/pdfbox-2.0.29.jar:/home/ubuntu/.m2/repository/org/apache/pdfbox/fontbox/2.0.29/fontbox-2.0.29.jar:/home/ubuntu/.m2/repository/commons-logging/commons-logging/1.2/commons-logging-1.2.jar:/home/ubuntu/.m2/repository/com/fasterxml/jackson/core/jackson-databind/2.15.2/jackson-databind-2.15.2.jar:/home/ubuntu/.m2/repository/com/fasterxml/jackson/core/jackson-annotations/2.15.2/jackson-annotations-2.15.2.jar:/home/ubuntu/.m2/repository/com/fasterxml/jackson/core/jackson-core/2.15.2/jackson-core-2.15.2.jar:/home/ubuntu/.m2/repository/org/springframework/spring-web/5.3.23/spring-web-5.3.23.jar:/home/ubuntu/.m2/repository/org/springframework/spring-beans/5.3.23/spring-beans-5.3.23.jar:/home/ubuntu/.m2/repository/org/springframework/spring-core/5.3.23/spring-core-5.3.23.jar:/home/ubuntu/.m2/repository/org/springframework/spring-jcl/5.3.23/spring-jcl-5.3.23.jar:/home/ubuntu/.m2/repository/junit/junit/4.13.2/junit-4.13.2.jar:/home/ubuntu/.m2/repository/org/hamcrest/hamcrest-core/1.3/hamcrest-core-1.3.jar:/home/ubuntu/.m2/repository/org/springframework/spring-test/5.3.23/spring-test-5.3.23.jar:/home/ubuntu/.m2/repository/net/sourceforge/tess4j/tess4j/5.8.0/tess4j-5.8.0.jar:/home/ubuntu/.m2/repository/net/java/dev/jna/jna/5.13.0/jna-5.13.0.jar:/home/ubuntu/.m2/repository/com/github/jai-imageio/jai-imageio-core/1.4.0/jai-imageio-core-1.4.0.jar:/home/ubuntu/.m2/repository/org/apache/pdfbox/pdfbox-tools/2.0.29/pdfbox-tools-2.0.29.jar:/home/ubuntu/.m2/repository/org/apache/pdfbox/pdfbox-debugger/2.0.29/pdfbox-debugger-2.0.29.jar:/home/ubuntu/.m2/repository/org/apache/pdfbox/jbig2-imageio/3.0.4/jbig2-imageio-3.0.4.jar:/home/ubuntu/.m2/repository/commons-io/commons-io/2.13.0/commons-io-2.13.0.jar:/home/ubuntu/.m2/repository/net/sourceforge/lept4j/lept4j/1.18.1/lept4j-1.18.1.jar:/home/ubuntu/.m2/repository/org/jboss/jboss-vfs/3.2.17.Final/jboss-vfs-3.2.17.Final.jar:/home/ubuntu/.m2/repository/org/jboss/logging/jboss-logging/3.1.4.GA/jboss-logging-3.1.4.GA.jar:/home/ubuntu/.m2/repository/org/slf4j/slf4j-api/2.0.7/slf4j-api-2.0.7.jar:)
	at com.sun.jna.NativeLibrary.loadLibrary(NativeLibrary.java:323)
	at com.sun.jna.NativeLibrary.getInstance(NativeLibrary.java:483)
	at com.sun.jna.Library$Handler.<init>(Library.java:197)
	at com.sun.jna.Native.load(Native.java:622)
	at com.sun.jna.Native.load(Native.java:596)
	at net.sourceforge.tess4j.util.LoadLibs.getTessAPIInstance(LoadLibs.java:83)
	at net.sourceforge.tess4j.TessAPI.<clinit>(TessAPI.java:42)
	at net.sourceforge.tess4j.Tesseract.init(Tesseract.java:442)
	at net.sourceforge.tess4j.Tesseract.getWords(Tesseract.java:789)
	at net.sourceforge.tess4j.Tesseract.getWords(Tesseract.java:776)
	at com.maidou.pdf.OCRProcessor.extractTextFromImage(OCRProcessor.java:47)
	at com.maidou.pdf.OCRProcessor.extractTextFromFile(OCRProcessor.java:34)
	at com.maidou.pdf.OCRProcessorTest.testExtractTextFromFile(OCRProcessorTest.java:41)
	at java.base/jdk.internal.reflect.NativeMethodAccessorImpl.invoke0(Native Method)
	at java.base/jdk.internal.reflect.NativeMethodAccessorImpl.invoke(NativeMethodAccessorImpl.java:77)
	at java.base/jdk.internal.reflect.DelegatingMethodAccessorImpl.invoke(DelegatingMethodAccessorImpl.java:43)
	at java.base/java.lang.reflect.Method.invoke(Method.java:569)
	at org.junit.runners.model.FrameworkMethod$1.runReflectiveCall(FrameworkMethod.java:59)
	at org.junit.internal.runners.model.ReflectiveCallable.run(ReflectiveCallable.java:12)
	at org.junit.runners.model.FrameworkMethod.invokeExplosively(FrameworkMethod.java:56)
	at org.junit.internal.runners.statements.InvokeMethod.evaluate(InvokeMethod.java:17)
	at org.junit.runners.ParentRunner$3.evaluate(ParentRunner.java:306)
	at org.junit.runners.BlockJUnit4ClassRunner$1.evaluate(BlockJUnit4ClassRunner.java:100)
	at org.junit.runners.ParentRunner.runLeaf(ParentRunner.java:366)
	at org.junit.runners.BlockJUnit4ClassRunner.runChild(BlockJUnit4ClassRunner.java:103)
	at org.junit.runners.BlockJUnit4ClassRunner.runChild(BlockJUnit4ClassRunner.java:63)
	at org.junit.runners.ParentRunner$4.run(ParentRunner.java:331)
	at org.junit.runners.ParentRunner$1.schedule(ParentRunner.java:79)
	at org.junit.runners.ParentRunner.runChildren(ParentRunner.java:329)
	at org.junit.runners.ParentRunner.access$100(ParentRunner.java:66)
	at org.junit.runners.ParentRunner$2.evaluate(ParentRunner.java:293)
	at org.junit.runners.ParentRunner$3.evaluate(ParentRunner.java:306)
	at org.junit.runners.ParentRunner.run(ParentRunner.java:413)
	at org.apache.maven.surefire.junit4.JUnit4Provider.execute(JUnit4Provider.java:252)
	at org.apache.maven.surefire.junit4.JUnit4Provider.executeTestSet(JUnit4Provider.java:141)
	at org.apache.maven.surefire.junit4.JUnit4Provider.invoke(JUnit4Provider.java:112)
	at java.base/jdk.internal.reflect.NativeMethodAccessorImpl.invoke0(Native Method)
	at java.base/jdk.internal.reflect.NativeMethodAccessorImpl.invoke(NativeMethodAccessorImpl.java:77)
	at java.base/jdk.internal.reflect.DelegatingMethodAccessorImpl.invoke(DelegatingMethodAccessorImpl.java:43)
	at java.base/java.lang.reflect.Method.invoke(Method.java:569)
	at org.apache.maven.surefire.util.ReflectionUtils.invokeMethodWithArray(ReflectionUtils.java:189)
	at org.apache.maven.surefire.booter.ProviderFactory$ProviderProxy.invoke(ProviderFactory.java:165)
	at org.apache.maven.surefire.booter.ProviderFactory.invokeProvider(ProviderFactory.java:85)
	at org.apache.maven.surefire.booter.ForkedBooter.runSuitesInProcess(ForkedBooter.java:115)
	at org.apache.maven.surefire.booter.ForkedBooter.main(ForkedBooter.java:75)
	Suppressed: java.lang.UnsatisfiedLinkError: libtesseract.so: cannot open shared object file: No such file or directory
		at com.sun.jna.Native.open(Native Method)
		at com.sun.jna.NativeLibrary.loadLibrary(NativeLibrary.java:211)
		... 44 more
	Suppressed: java.lang.UnsatisfiedLinkError: libtesseract.so: cannot open shared object file: No such file or directory
		at com.sun.jna.Native.open(Native Method)
		at com.sun.jna.NativeLibrary.loadLibrary(NativeLibrary.java:224)
		... 44 more
	Suppressed: java.io.IOException: Native library (linux-x86-64/libtesseract.so) not found in resource path (/home/ubuntu/repos/maidou/pdf-processor/target/test-classes:/home/ubuntu/repos/maidou/pdf-processor/target/classes:/home/ubuntu/.m2/repository/org/apache/pdfbox/pdfbox/2.0.29/pdfbox-2.0.29.jar:/home/ubuntu/.m2/repository/org/apache/pdfbox/fontbox/2.0.29/fontbox-2.0.29.jar:/home/ubuntu/.m2/repository/commons-logging/commons-logging/1.2/commons-logging-1.2.jar:/home/ubuntu/.m2/repository/com/fasterxml/jackson/core/jackson-databind/2.15.2/jackson-databind-2.15.2.jar:/home/ubuntu/.m2/repository/com/fasterxml/jackson/core/jackson-annotations/2.15.2/jackson-annotations-2.15.2.jar:/home/ubuntu/.m2/repository/com/fasterxml/jackson/core/jackson-core/2.15.2/jackson-core-2.15.2.jar:/home/ubuntu/.m2/repository/org/springframework/spring-web/5.3.23/spring-web-5.3.23.jar:/home/ubuntu/.m2/repository/org/springframework/spring-beans/5.3.23/spring-beans-5.3.23.jar:/home/ubuntu/.m2/repository/org/springframework/spring-core/5.3.23/spring-core-5.3.23.jar:/home/ubuntu/.m2/repository/org/springframework/spring-jcl/5.3.23/spring-jcl-5.3.23.jar:/home/ubuntu/.m2/repository/junit/junit/4.13.2/junit-4.13.2.jar:/home/ubuntu/.m2/repository/org/hamcrest/hamcrest-core/1.3/hamcrest-core-1.3.jar:/home/ubuntu/.m2/repository/org/springframework/spring-test/5.3.23/spring-test-5.3.23.jar:/home/ubuntu/.m2/repository/net/sourceforge/tess4j/tess4j/5.8.0/tess4j-5.8.0.jar:/home/ubuntu/.m2/repository/net/java/dev/jna/jna/5.13.0/jna-5.13.0.jar:/home/ubuntu/.m2/repository/com/github/jai-imageio/jai-imageio-core/1.4.0/jai-imageio-core-1.4.0.jar:/home/ubuntu/.m2/repository/org/apache/pdfbox/pdfbox-tools/2.0.29/pdfbox-tools-2.0.29.jar:/home/ubuntu/.m2/repository/org/apache/pdfbox/pdfbox-debugger/2.0.29/pdfbox-debugger-2.0.29.jar:/home/ubuntu/.m2/repository/org/apache/pdfbox/jbig2-imageio/3.0.4/jbig2-imageio-3.0.4.jar:/home/ubuntu/.m2/repository/commons-io/commons-io/2.13.0/commons-io-2.13.0.jar:/home/ubuntu/.m2/repository/net/sourceforge/lept4j/lept4j/1.18.1/lept4j-1.18.1.jar:/home/ubuntu/.m2/repository/org/jboss/jboss-vfs/3.2.17.Final/jboss-vfs-3.2.17.Final.jar:/home/ubuntu/.m2/repository/org/jboss/logging/jboss-logging/3.1.4.GA/jboss-logging-3.1.4.GA.jar:/home/ubuntu/.m2/repository/org/slf4j/slf4j-api/2.0.7/slf4j-api-2.0.7.jar:)
		at com.sun.jna.Native.extractFromResourcePath(Native.java:1145)
		at com.sun.jna.NativeLibrary.loadLibrary(NativeLibrary.java:295)
		... 44 more

